# JRE version: OpenJDK Runtime Environment (11.0+28) (build 11+28)
# Java VM: OpenJDK 64-Bit Server VM (11+28, mixed mode, tiered, compressed oops, g1 gc, windows-amd64)
Heap:
 garbage-first heap   total 108544K, used 32768K [0x00000000a8400000, 0x0000000100000000)
  region size 1024K, 10 young (10240K), 4 survivors (4096K)
 Metaspace       used 31377K, capacity 32290K, committed 32560K, reserved 1079296K
  class space    used 3291K, capacity 3597K, committed 3712K, reserved 1048576K
GC Heap History (10 events):
Event: 5.080 GC heap before
{Heap before GC invocations=4 (full 0):
 garbage-first heap   total 90112K, used 9537K [0x00000000a8400000, 0x0000000100000000)
  region size 1024K, 8 young (8192K), 6 survivors (6144K)
 Metaspace       used 20768K, capacity 21161K, committed 21296K, reserved 1069056K
  class space    used 2213K, capacity 2352K, committed 2432K, reserved 1048576K
}
Event: 5.111 GC heap after
{Heap after GC invocations=5 (full 0):
 garbage-first heap   total 90112K, used 9226K [0x00000000a8400000, 0x0000000100000000)
  region size 1024K, 1 young (1024K), 1 survivors (1024K)
 Metaspace       used 20768K, capacity 21161K, committed 21296K, reserved 1069056K
  class space    used 2213K, capacity 2352K, committed 2432K, reserved 1048576K
}
Event: 6.164 GC heap before
{Heap before GC invocations=6 (full 0):
 garbage-first heap   total 90112K, used 58378K [0x00000000a8400000, 0x0000000100000000)
  region size 1024K, 49 young (50176K), 1 survivors (1024K)
 Metaspace       used 21248K, capacity 21635K, committed 21808K, reserved 1069056K
  class space    used 2219K, capacity 2359K, committed 2432K, reserved 1048576K
}
Event: 6.186 GC heap after
{Heap after GC invocations=7 (full 0):
 garbage-first heap   total 108544K, used 14036K [0x00000000a8400000, 0x0000000100000000)
  region size 1024K, 6 young (6144K), 6 survivors (6144K)
 Metaspace       used 21248K, capacity 21635K, committed 21808K, reserved 1069056K
  class space    used 2219K, capacity 2359K, committed 2432K, reserved 1048576K
}
Event: 7.615 GC heap before
{Heap before GC invocations=7 (full 0):
 garbage-first heap   total 108544K, used 72404K [0x00000000a8400000, 0x0000000100000000)
  region size 1024K, 63 young (64512K), 6 survivors (6144K)
 Metaspace       used 22016K, capacity 22486K, committed 22576K, reserved 1069056K
  class space    used 2273K, capacity 2432K, committed 2432K, reserved 1048576K
}
Event: 7.645 GC heap after
{Heap after GC invocations=8 (full 0):
 garbage-first heap   total 108544K, used 17832K [0x00000000a8400000, 0x0000000100000000)
  region size 1024K, 4 young (4096K), 4 survivors (4096K)
 Metaspace       used 22016K, capacity 22486K, committed 22576K, reserved 1069056K
  class space    used 2273K, capacity 2432K, committed 2432K, reserved 1048576K
}
Event: 9.773 GC heap before
{Heap before GC invocations=8 (full 0):
 garbage-first heap   total 108544K, used 76200K [0x00000000a8400000, 0x0000000100000000)
  region size 1024K, 61 young (62464K), 4 survivors (4096K)
 Metaspace       used 25470K, capacity 26171K, committed 26416K, reserved 1073152K
  class space    used 2624K, capacity 2877K, committed 2944K, reserved 1048576K
}
Event: 9.797 GC heap after
{Heap after GC invocations=9 (full 0):
 garbage-first heap   total 108544K, used 23552K [0x00000000a8400000, 0x0000000100000000)
  region size 1024K, 8 young (8192K), 8 survivors (8192K)
 Metaspace       used 25470K, capacity 26171K, committed 26416K, reserved 1073152K
  class space    used 2624K, capacity 2877K, committed 2944K, reserved 1048576K
}
Event: 11.204 GC heap before
{Heap before GC invocations=9 (full 0):
 garbage-first heap   total 108544K, used 79872K [0x00000000a8400000, 0x0000000100000000)
  region size 1024K, 63 young (64512K), 8 survivors (8192K)
 Metaspace       used 30897K, capacity 31774K, committed 31920K, reserved 1077248K
  class space    used 3224K, capacity 3506K, committed 3584K, reserved 1048576K
}
Event: 11.240 GC heap after
{Heap after GC invocations=10 (full 0):
 garbage-first heap   total 108544K, used 27648K [0x00000000a8400000, 0x0000000100000000)
  region size 1024K, 4 young (4096K), 4 survivors (4096K)
 Metaspace       used 30897K, capacity 31774K, committed 31920K, reserved 1077248K
  class space    used 3224K, capacity 3506K, committed 3584K, reserved 1048576K
}

