# JRE version: OpenJDK Runtime Environment Temurin-17.0.3+7 (17.0.3+7) (build 17.0.3+7)
# Java VM: OpenJDK 64-Bit Server VM Temurin-17.0.3+7 (17.0.3+7, mixed mode, tiered, compressed oops, compressed class ptrs, parallel gc, windows-amd64)
GC Precious Log:
 CPUs: 4 total, 4 available
 Memory: 5611M
 Large Page Support: Disabled
 NUMA Support: Disabled
 Compressed Oops: Enabled (32-bit)
 Alignments: Space 512K, Generation 512K, Heap 2M
 Heap Min Capacity: 100M
 Heap Initial Capacity: 100M
 Heap Max Capacity: 1G
 Pre-touch: Disabled
 Parallel Workers: 4
Heap:
 PSYoungGen      total 7168K, used 6501K [0x00000000eab00000, 0x00000000eb500000, 0x0000000100000000)
  eden space 6144K, 89% used [0x00000000eab00000,0x00000000eb05e6d0,0x00000000eb100000)
  from space 1024K, 98% used [0x00000000eb400000,0x00000000eb4fb0e8,0x00000000eb500000)
  to   space 1536K, 0% used [0x00000000eb200000,0x00000000eb200000,0x00000000eb380000)
 ParOldGen       total 324096K, used 272966K [0x00000000c0000000, 0x00000000d3c80000, 0x00000000eab00000)
  object space 324096K, 84% used [0x00000000c0000000,0x00000000d0a91b68,0x00000000d3c80000)
 Metaspace       used 86142K, committed 87296K, reserved 1130496K
  class space    used 8767K, committed 9216K, reserved 1048576K
GC Heap History (20 events):
Event: 1033.184 GC heap before
{Heap before GC invocations=1671 (full 25):
 PSYoungGen      total 8704K, used 6915K [0x00000000eab00000, 0x00000000eb880000, 0x0000000100000000)
  eden space 7680K, 77% used [0x00000000eab00000,0x00000000eb0caad0,0x00000000eb280000)
  from space 1024K, 96% used [0x00000000eb780000,0x00000000eb876518,0x00000000eb880000)
  to   space 1536K, 0% used [0x00000000eb580000,0x00000000eb580000,0x00000000eb700000)
 ParOldGen       total 322560K, used 316809K [0x00000000c0000000, 0x00000000d3b00000, 0x00000000eab00000)
  object space 322560K, 98% used [0x00000000c0000000,0x00000000d3562448,0x00000000d3b00000)
 Metaspace       used 86058K, committed 87232K, reserved 1130496K
  class space    used 8764K, committed 9216K, reserved 1048576K
}
Event: 1033.187 GC heap after
{Heap after GC invocations=1671 (full 25):
 PSYoungGen      total 9216K, used 96K [0x00000000eab00000, 0x00000000eb800000, 0x0000000100000000)
  eden space 7680K, 0% used [0x00000000eab00000,0x00000000eab00000,0x00000000eb280000)
  from space 1536K, 6% used [0x00000000eb580000,0x00000000eb598000,0x00000000eb700000)
  to   space 512K, 0% used [0x00000000eb780000,0x00000000eb780000,0x00000000eb800000)
 ParOldGen       total 322560K, used 317132K [0x00000000c0000000, 0x00000000d3b00000, 0x00000000eab00000)
  object space 322560K, 98% used [0x00000000c0000000,0x00000000d35b33f8,0x00000000d3b00000)
 Metaspace       used 86058K, committed 87232K, reserved 1130496K
  class space    used 8764K, committed 9216K, reserved 1048576K
}
Event: 1033.216 GC heap before
{Heap before GC invocations=1672 (full 25):
 PSYoungGen      total 9216K, used 7776K [0x00000000eab00000, 0x00000000eb800000, 0x0000000100000000)
  eden space 7680K, 100% used [0x00000000eab00000,0x00000000eb280000,0x00000000eb280000)
  from space 1536K, 6% used [0x00000000eb580000,0x00000000eb598000,0x00000000eb700000)
  to   space 512K, 0% used [0x00000000eb780000,0x00000000eb780000,0x00000000eb800000)
 ParOldGen       total 322560K, used 317132K [0x00000000c0000000, 0x00000000d3b00000, 0x00000000eab00000)
  object space 322560K, 98% used [0x00000000c0000000,0x00000000d35b33f8,0x00000000d3b00000)
 Metaspace       used 86058K, committed 87232K, reserved 1130496K
  class space    used 8764K, committed 9216K, reserved 1048576K
}
Event: 1033.220 GC heap after
{Heap after GC invocations=1672 (full 25):
 PSYoungGen      total 8192K, used 512K [0x00000000eab00000, 0x00000000eba80000, 0x0000000100000000)
  eden space 7680K, 0% used [0x00000000eab00000,0x00000000eab00000,0x00000000eb280000)
  from space 512K, 100% used [0x00000000eb780000,0x00000000eb800000,0x00000000eb800000)
  to   space 4096K, 0% used [0x00000000eb280000,0x00000000eb280000,0x00000000eb680000)
 ParOldGen       total 322560K, used 319839K [0x00000000c0000000, 0x00000000d3b00000, 0x00000000eab00000)
  object space 322560K, 99% used [0x00000000c0000000,0x00000000d3857cd8,0x00000000d3b00000)
 Metaspace       used 86058K, committed 87232K, reserved 1130496K
  class space    used 8764K, committed 9216K, reserved 1048576K
}
Event: 1033.221 GC heap before
{Heap before GC invocations=1673 (full 26):
 PSYoungGen      total 8192K, used 512K [0x00000000eab00000, 0x00000000eba80000, 0x0000000100000000)
  eden space 7680K, 0% used [0x00000000eab00000,0x00000000eab00000,0x00000000eb280000)
  from space 512K, 100% used [0x00000000eb780000,0x00000000eb800000,0x00000000eb800000)
  to   space 4096K, 0% used [0x00000000eb280000,0x00000000eb280000,0x00000000eb680000)
 ParOldGen       total 322560K, used 319839K [0x00000000c0000000, 0x00000000d3b00000, 0x00000000eab00000)
  object space 322560K, 99% used [0x00000000c0000000,0x00000000d3857cd8,0x00000000d3b00000)
 Metaspace       used 86058K, committed 87232K, reserved 1130496K
  class space    used 8764K, committed 9216K, reserved 1048576K
}
Event: 1033.516 GC heap after
{Heap after GC invocations=1673 (full 26):
 PSYoungGen      total 11776K, used 0K [0x00000000eab00000, 0x00000000eba80000, 0x0000000100000000)
  eden space 7680K, 0% used [0x00000000eab00000,0x00000000eab00000,0x00000000eb280000)
  from space 4096K, 0% used [0x00000000eb280000,0x00000000eb280000,0x00000000eb680000)
  to   space 4096K, 0% used [0x00000000eb680000,0x00000000eb680000,0x00000000eba80000)
 ParOldGen       total 324096K, used 264950K [0x00000000c0000000, 0x00000000d3c80000, 0x00000000eab00000)
  object space 324096K, 81% used [0x00000000c0000000,0x00000000d02bda98,0x00000000d3c80000)
 Metaspace       used 86058K, committed 87232K, reserved 1130496K
  class space    used 8764K, committed 9216K, reserved 1048576K
}
Event: 1033.547 GC heap before
{Heap before GC invocations=1674 (full 26):
 PSYoungGen      total 11776K, used 7680K [0x00000000eab00000, 0x00000000eba80000, 0x0000000100000000)
  eden space 7680K, 100% used [0x00000000eab00000,0x00000000eb280000,0x00000000eb280000)
  from space 4096K, 0% used [0x00000000eb280000,0x00000000eb280000,0x00000000eb680000)
  to   space 4096K, 0% used [0x00000000eb680000,0x00000000eb680000,0x00000000eba80000)
 ParOldGen       total 324096K, used 264950K [0x00000000c0000000, 0x00000000d3c80000, 0x00000000eab00000)
  object space 324096K, 81% used [0x00000000c0000000,0x00000000d02bda98,0x00000000d3c80000)
 Metaspace       used 86062K, committed 87232K, reserved 1130496K
  class space    used 8764K, committed 9216K, reserved 1048576K
}
Event: 1033.554 GC heap after
{Heap after GC invocations=1674 (full 26):
 PSYoungGen      total 10240K, used 4077K [0x00000000eab00000, 0x00000000ebd80000, 0x0000000100000000)
  eden space 6144K, 0% used [0x00000000eab00000,0x00000000eab00000,0x00000000eb100000)
  from space 4096K, 99% used [0x00000000eb680000,0x00000000eba7b498,0x00000000eba80000)
  to   space 5632K, 0% used [0x00000000eb100000,0x00000000eb100000,0x00000000eb680000)
 ParOldGen       total 324096K, used 265638K [0x00000000c0000000, 0x00000000d3c80000, 0x00000000eab00000)
  object space 324096K, 81% used [0x00000000c0000000,0x00000000d0369a98,0x00000000d3c80000)
 Metaspace       used 86062K, committed 87232K, reserved 1130496K
  class space    used 8764K, committed 9216K, reserved 1048576K
}
Event: 1033.590 GC heap before
{Heap before GC invocations=1675 (full 26):
 PSYoungGen      total 10240K, used 10221K [0x00000000eab00000, 0x00000000ebd80000, 0x0000000100000000)
  eden space 6144K, 100% used [0x00000000eab00000,0x00000000eb100000,0x00000000eb100000)
  from space 4096K, 99% used [0x00000000eb680000,0x00000000eba7b498,0x00000000eba80000)
  to   space 5632K, 0% used [0x00000000eb100000,0x00000000eb100000,0x00000000eb680000)
 ParOldGen       total 324096K, used 265638K [0x00000000c0000000, 0x00000000d3c80000, 0x00000000eab00000)
  object space 324096K, 81% used [0x00000000c0000000,0x00000000d0369a98,0x00000000d3c80000)
 Metaspace       used 86062K, committed 87232K, reserved 1130496K
  class space    used 8764K, committed 9216K, reserved 1048576K
}
Event: 1033.597 GC heap after
{Heap after GC invocations=1675 (full 26):
 PSYoungGen      total 7168K, used 736K [0x00000000eab00000, 0x00000000eb700000, 0x0000000100000000)
  eden space 6144K, 0% used [0x00000000eab00000,0x00000000eab00000,0x00000000eb100000)
  from space 1024K, 71% used [0x00000000eb100000,0x00000000eb1b8000,0x00000000eb200000)
  to   space 2560K, 0% used [0x00000000eb480000,0x00000000eb480000,0x00000000eb700000)
 ParOldGen       total 324096K, used 266288K [0x00000000c0000000, 0x00000000d3c80000, 0x00000000eab00000)
  object space 324096K, 82% used [0x00000000c0000000,0x00000000d040c398,0x00000000d3c80000)
 Metaspace       used 86062K, committed 87232K, reserved 1130496K
  class space    used 8764K, committed 9216K, reserved 1048576K
}
Event: 1033.649 GC heap before
{Heap before GC invocations=1676 (full 26):
 PSYoungGen      total 7168K, used 6880K [0x00000000eab00000, 0x00000000eb700000, 0x0000000100000000)
  eden space 6144K, 100% used [0x00000000eab00000,0x00000000eb100000,0x00000000eb100000)
  from space 1024K, 71% used [0x00000000eb100000,0x00000000eb1b8000,0x00000000eb200000)
  to   space 2560K, 0% used [0x00000000eb480000,0x00000000eb480000,0x00000000eb700000)
 ParOldGen       total 324096K, used 266288K [0x00000000c0000000, 0x00000000d3c80000, 0x00000000eab00000)
  object space 324096K, 82% used [0x00000000c0000000,0x00000000d040c398,0x00000000d3c80000)
 Metaspace       used 86077K, committed 87232K, reserved 1130496K
  class space    used 8765K, committed 9216K, reserved 1048576K
}
Event: 1033.653 GC heap after
{Heap after GC invocations=1676 (full 26):
 PSYoungGen      total 7168K, used 692K [0x00000000eab00000, 0x00000000eb580000, 0x0000000100000000)
  eden space 6144K, 0% used [0x00000000eab00000,0x00000000eab00000,0x00000000eb100000)
  from space 1024K, 67% used [0x00000000eb480000,0x00000000eb52d200,0x00000000eb580000)
  to   space 1024K, 0% used [0x00000000eb100000,0x00000000eb100000,0x00000000eb200000)
 ParOldGen       total 324096K, used 266920K [0x00000000c0000000, 0x00000000d3c80000, 0x00000000eab00000)
  object space 324096K, 82% used [0x00000000c0000000,0x00000000d04aa398,0x00000000d3c80000)
 Metaspace       used 86077K, committed 87232K, reserved 1130496K
  class space    used 8765K, committed 9216K, reserved 1048576K
}
Event: 1035.333 GC heap before
{Heap before GC invocations=1677 (full 26):
 PSYoungGen      total 7168K, used 6836K [0x00000000eab00000, 0x00000000eb580000, 0x0000000100000000)
  eden space 6144K, 100% used [0x00000000eab00000,0x00000000eb100000,0x00000000eb100000)
  from space 1024K, 67% used [0x00000000eb480000,0x00000000eb52d200,0x00000000eb580000)
  to   space 1024K, 0% used [0x00000000eb100000,0x00000000eb100000,0x00000000eb200000)
 ParOldGen       total 324096K, used 266920K [0x00000000c0000000, 0x00000000d3c80000, 0x00000000eab00000)
  object space 324096K, 82% used [0x00000000c0000000,0x00000000d04aa398,0x00000000d3c80000)
 Metaspace       used 86084K, committed 87232K, reserved 1130496K
  class space    used 8765K, committed 9216K, reserved 1048576K
}
Event: 1035.339 GC heap after
{Heap after GC invocations=1677 (full 26):
 PSYoungGen      total 7168K, used 999K [0x00000000eab00000, 0x00000000eb800000, 0x0000000100000000)
  eden space 6144K, 0% used [0x00000000eab00000,0x00000000eab00000,0x00000000eb100000)
  from space 1024K, 97% used [0x00000000eb100000,0x00000000eb1f9dd0,0x00000000eb200000)
  to   space 3584K, 0% used [0x00000000eb480000,0x00000000eb480000,0x00000000eb800000)
 ParOldGen       total 324096K, used 268865K [0x00000000c0000000, 0x00000000d3c80000, 0x00000000eab00000)
  object space 324096K, 82% used [0x00000000c0000000,0x00000000d0690430,0x00000000d3c80000)
 Metaspace       used 86084K, committed 87232K, reserved 1130496K
  class space    used 8765K, committed 9216K, reserved 1048576K
}
Event: 1036.451 GC heap before
{Heap before GC invocations=1678 (full 26):
 PSYoungGen      total 7168K, used 7140K [0x00000000eab00000, 0x00000000eb800000, 0x0000000100000000)
  eden space 6144K, 99% used [0x00000000eab00000,0x00000000eb0ff5d0,0x00000000eb100000)
  from space 1024K, 97% used [0x00000000eb100000,0x00000000eb1f9dd0,0x00000000eb200000)
  to   space 3584K, 0% used [0x00000000eb480000,0x00000000eb480000,0x00000000eb800000)
 ParOldGen       total 324096K, used 268865K [0x00000000c0000000, 0x00000000d3c80000, 0x00000000eab00000)
  object space 324096K, 82% used [0x00000000c0000000,0x00000000d0690430,0x00000000d3c80000)
 Metaspace       used 86101K, committed 87232K, reserved 1130496K
  class space    used 8765K, committed 9216K, reserved 1048576K
}
Event: 1036.455 GC heap after
{Heap after GC invocations=1678 (full 26):
 PSYoungGen      total 6656K, used 218K [0x00000000eab00000, 0x00000000eb500000, 0x0000000100000000)
  eden space 6144K, 0% used [0x00000000eab00000,0x00000000eab00000,0x00000000eb100000)
  from space 512K, 42% used [0x00000000eb480000,0x00000000eb4b6900,0x00000000eb500000)
  to   space 1536K, 0% used [0x00000000eb200000,0x00000000eb200000,0x00000000eb380000)
 ParOldGen       total 324096K, used 269137K [0x00000000c0000000, 0x00000000d3c80000, 0x00000000eab00000)
  object space 324096K, 83% used [0x00000000c0000000,0x00000000d06d4430,0x00000000d3c80000)
 Metaspace       used 86101K, committed 87232K, reserved 1130496K
  class space    used 8765K, committed 9216K, reserved 1048576K
}
Event: 1036.674 GC heap before
{Heap before GC invocations=1679 (full 26):
 PSYoungGen      total 6656K, used 6362K [0x00000000eab00000, 0x00000000eb500000, 0x0000000100000000)
  eden space 6144K, 100% used [0x00000000eab00000,0x00000000eb100000,0x00000000eb100000)
  from space 512K, 42% used [0x00000000eb480000,0x00000000eb4b6900,0x00000000eb500000)
  to   space 1536K, 0% used [0x00000000eb200000,0x00000000eb200000,0x00000000eb380000)
 ParOldGen       total 324096K, used 269137K [0x00000000c0000000, 0x00000000d3c80000, 0x00000000eab00000)
  object space 324096K, 83% used [0x00000000c0000000,0x00000000d06d4430,0x00000000d3c80000)
 Metaspace       used 86139K, committed 87296K, reserved 1130496K
  class space    used 8767K, committed 9216K, reserved 1048576K
}
Event: 1036.679 GC heap after
{Heap after GC invocations=1679 (full 26):
 PSYoungGen      total 7680K, used 857K [0x00000000eab00000, 0x00000000eb500000, 0x0000000100000000)
  eden space 6144K, 0% used [0x00000000eab00000,0x00000000eab00000,0x00000000eb100000)
  from space 1536K, 55% used [0x00000000eb200000,0x00000000eb2d6410,0x00000000eb380000)
  to   space 1024K, 0% used [0x00000000eb400000,0x00000000eb400000,0x00000000eb500000)
 ParOldGen       total 324096K, used 269251K [0x00000000c0000000, 0x00000000d3c80000, 0x00000000eab00000)
  object space 324096K, 83% used [0x00000000c0000000,0x00000000d06f0e30,0x00000000d3c80000)
 Metaspace       used 86139K, committed 87296K, reserved 1130496K
  class space    used 8767K, committed 9216K, reserved 1048576K
}
Event: 1036.829 GC heap before
{Heap before GC invocations=1680 (full 26):
 PSYoungGen      total 7680K, used 7001K [0x00000000eab00000, 0x00000000eb500000, 0x0000000100000000)
  eden space 6144K, 100% used [0x00000000eab00000,0x00000000eb100000,0x00000000eb100000)
  from space 1536K, 55% used [0x00000000eb200000,0x00000000eb2d6410,0x00000000eb380000)
  to   space 1024K, 0% used [0x00000000eb400000,0x00000000eb400000,0x00000000eb500000)
 ParOldGen       total 324096K, used 269251K [0x00000000c0000000, 0x00000000d3c80000, 0x00000000eab00000)
  object space 324096K, 83% used [0x00000000c0000000,0x00000000d06f0e30,0x00000000d3c80000)
 Metaspace       used 86139K, committed 87296K, reserved 1130496K
  class space    used 8767K, committed 9216K, reserved 1048576K
}
Event: 1036.837 GC heap after
{Heap after GC invocations=1680 (full 26):
 PSYoungGen      total 7168K, used 1004K [0x00000000eab00000, 0x00000000eb500000, 0x0000000100000000)
  eden space 6144K, 0% used [0x00000000eab00000,0x00000000eab00000,0x00000000eb100000)
  from space 1024K, 98% used [0x00000000eb400000,0x00000000eb4fb0e8,0x00000000eb500000)
  to   space 1536K, 0% used [0x00000000eb200000,0x00000000eb200000,0x00000000eb380000)
 ParOldGen       total 324096K, used 272966K [0x00000000c0000000, 0x00000000d3c80000, 0x00000000eab00000)
  object space 324096K, 84% used [0x00000000c0000000,0x00000000d0a91b68,0x00000000d3c80000)
 Metaspace       used 86139K, committed 87296K, reserved 1130496K
  class space    used 8767K, committed 9216K, reserved 1048576K
}

